<?xml version="1.0" encoding="UTF-8"?>
<!-- Generated by org.testng.reporters.JUnitReportReporter -->
<testsuite hostname="USRIRILP00162" name="testingPackage.createAccount" tests="1" failures="0" timestamp="13 Jan 2016 03:08:03 GMT" time="14.952" errors="0">
  <testcase name="account" time="14.952" classname="testingPackage.createAccount"/>
</testsuite> <!-- testingPackage.createAccount -->
