<?xml version="1.0" encoding="UTF-8"?>
<!-- Generated by org.testng.reporters.JUnitReportReporter -->
<testsuite hostname="MOCDTL01RJ0844" name="testingPackage.loginGetvalues" tests="1" failures="0" timestamp="5 Jan 2016 18:35:00 GMT" time="0.783" errors="0">
  <testcase name="loginTest" time="0.783" classname="testingPackage.loginGetvalues"/>
</testsuite> <!-- testingPackage.loginGetvalues -->
