<?xml version="1.0" encoding="UTF-8"?>
<!-- Generated by org.testng.reporters.JUnitReportReporter -->
<testsuite hostname="USRIRILP00162" name="TestCases.loginTest" tests="1" failures="0" timestamp="10 Feb 2016 21:10:15 GMT" time="9.078" errors="0">
  <testcase name="login" time="9.078" classname="TestCases.loginTest"/>
</testsuite> <!-- TestCases.loginTest -->
