<?xml version="1.0" encoding="UTF-8"?>
<!-- Generated by org.testng.reporters.JUnitReportReporter -->
<testsuite hostname="USRIRILP00162" name="TestCases.homePageTest" tests="3" failures="0" timestamp="10 Feb 2016 21:10:15 GMT" time="18.685" errors="0">
  <testcase name="testNewCustLinks" time="5.683" classname="TestCases.homePageTest"/>
  <testcase name="testEditCustLinks" time="6.105" classname="TestCases.homePageTest"/>
  <testcase name="testdeleteCustLinks" time="6.897" classname="TestCases.homePageTest"/>
</testsuite> <!-- TestCases.homePageTest -->
