<?xml version="1.0" encoding="UTF-8"?>
<!-- Generated by org.testng.reporters.JUnitReportReporter -->
<testsuite hostname="MOCDTL01RJ0844" name="TestCases.NewTest" tests="1" failures="0" timestamp="28 Jan 2016 20:57:01 GMT" time="1.217" errors="0">
  <testcase name="f" time="1.217" classname="TestCases.NewTest"/>
</testsuite> <!-- TestCases.NewTest -->
